<?xml version="1.0" encoding="UTF-8"?>
<!-- Generated by org.testng.reporters.JUnitReportReporter -->
<testsuite hostname="DESKTOP-3TMDGV3" failures="0" tests="3" name="practiseWithGpt.testNG_Login" time="10.015" errors="0" timestamp="2025-04-14T22:57:32 PDT" skipped="0">
  <testcase classname="practiseWithGpt.testNG_Login" name="positiveLoginTest" time="3.087"/>
  <testcase classname="practiseWithGpt.testNG_Login" name="negativeInvalidUser" time="4.084"/>
  <testcase classname="practiseWithGpt.testNG_Login" name="negativeInvalidPwd" time="2.844"/>
</testsuite> <!-- practiseWithGpt.testNG_Login -->
